Traceback (most recent call last):
  File "/home/runner/work/qmlcourse/qmlcourse/.venv/lib/python3.8/site-packages/jupyter_cache/executors/utils.py", line 51, in single_nb_execution
    executenb(
  File "/home/runner/work/qmlcourse/qmlcourse/.venv/lib/python3.8/site-packages/nbclient/client.py", line 1204, in execute
    return NotebookClient(nb=nb, resources=resources, km=km, **kwargs).execute()
  File "/home/runner/work/qmlcourse/qmlcourse/.venv/lib/python3.8/site-packages/nbclient/util.py", line 84, in wrapped
    return just_run(coro(*args, **kwargs))
  File "/home/runner/work/qmlcourse/qmlcourse/.venv/lib/python3.8/site-packages/nbclient/util.py", line 62, in just_run
    return loop.run_until_complete(coro)
  File "/opt/hostedtoolcache/Python/3.8.14/x64/lib/python3.8/asyncio/base_events.py", line 616, in run_until_complete
    return future.result()
  File "/home/runner/work/qmlcourse/qmlcourse/.venv/lib/python3.8/site-packages/nbclient/client.py", line 663, in async_execute
    await self.async_execute_cell(
  File "/home/runner/work/qmlcourse/qmlcourse/.venv/lib/python3.8/site-packages/nbclient/client.py", line 965, in async_execute_cell
    await self._check_raise_for_error(cell, cell_index, exec_reply)
  File "/home/runner/work/qmlcourse/qmlcourse/.venv/lib/python3.8/site-packages/nbclient/client.py", line 862, in _check_raise_for_error
    raise CellExecutionError.from_cell_and_msg(cell, exec_reply_content)
nbclient.exceptions.CellExecutionError: An error occurred while executing the following cell:
------------------
import networkx as nx
import matplotlib.pyplot as plt
%config InlineBackend.figure_format = 'retina'

zachary = nx.generators.social.karate_club_graph()
nx.draw(
    zachary,
    node_color=[
        {"Officer": "r", "Mr. Hi": "b"}.get(dt["club"]) for _, dt
        in zachary.nodes(data=True)
    ],
)
plt.show()
------------------

[0;31m---------------------------------------------------------------------------[0m
[0;31mTypeError[0m                                 Traceback (most recent call last)
Input [0;32mIn [1][0m, in [0;36m<cell line: 6>[0;34m()[0m
[1;32m      3[0m get_ipython()[38;5;241m.[39mrun_line_magic([38;5;124m'[39m[38;5;124mconfig[39m[38;5;124m'[39m, [38;5;124m"[39m[38;5;124mInlineBackend.figure_format = [39m[38;5;124m'[39m[38;5;124mretina[39m[38;5;124m'[39m[38;5;124m"[39m)
[1;32m      5[0m zachary [38;5;241m=[39m nx[38;5;241m.[39mgenerators[38;5;241m.[39msocial[38;5;241m.[39mkarate_club_graph()
[0;32m----> 6[0m [43mnx[49m[38;5;241;43m.[39;49m[43mdraw[49m[43m([49m
[1;32m      7[0m [43m    [49m[43mzachary[49m[43m,[49m
[1;32m      8[0m [43m    [49m[43mnode_color[49m[38;5;241;43m=[39;49m[43m[[49m
[1;32m      9[0m [43m        [49m[43m{[49m[38;5;124;43m"[39;49m[38;5;124;43mOfficer[39;49m[38;5;124;43m"[39;49m[43m:[49m[43m [49m[38;5;124;43m"[39;49m[38;5;124;43mr[39;49m[38;5;124;43m"[39;49m[43m,[49m[43m [49m[38;5;124;43m"[39;49m[38;5;124;43mMr. Hi[39;49m[38;5;124;43m"[39;49m[43m:[49m[43m [49m[38;5;124;43m"[39;49m[38;5;124;43mb[39;49m[38;5;124;43m"[39;49m[43m}[49m[38;5;241;43m.[39;49m[43mget[49m[43m([49m[43mdt[49m[43m[[49m[38;5;124;43m"[39;49m[38;5;124;43mclub[39;49m[38;5;124;43m"[39;49m[43m][49m[43m)[49m[43m [49m[38;5;28;43;01mfor[39;49;00m[43m [49m[43m_[49m[43m,[49m[43m [49m[43mdt[49m
[1;32m     10[0m [43m        [49m[38;5;129;43;01min[39;49;00m[43m [49m[43mzachary[49m[38;5;241;43m.[39;49m[43mnodes[49m[43m([49m[43mdata[49m[38;5;241;43m=[39;49m[38;5;28;43;01mTrue[39;49;00m[43m)[49m
[1;32m     11[0m [43m    [49m[43m][49m[43m,[49m
[1;32m     12[0m [43m)[49m
[1;32m     13[0m plt[38;5;241m.[39mshow()

File [0;32m~/work/qmlcourse/qmlcourse/.venv/lib/python3.8/site-packages/networkx/drawing/nx_pylab.py:113[0m, in [0;36mdraw[0;34m(G, pos, ax, **kwds)[0m
[1;32m    111[0m cf[38;5;241m.[39mset_facecolor([38;5;124m"[39m[38;5;124mw[39m[38;5;124m"[39m)
[1;32m    112[0m [38;5;28;01mif[39;00m ax [38;5;129;01mis[39;00m [38;5;28;01mNone[39;00m:
[0;32m--> 113[0m     [38;5;28;01mif[39;00m [43mcf[49m[38;5;241;43m.[39;49m[43m_axstack[49m[43m([49m[43m)[49m [38;5;129;01mis[39;00m [38;5;28;01mNone[39;00m:
[1;32m    114[0m         ax [38;5;241m=[39m cf[38;5;241m.[39madd_axes(([38;5;241m0[39m, [38;5;241m0[39m, [38;5;241m1[39m, [38;5;241m1[39m))
[1;32m    115[0m     [38;5;28;01melse[39;00m:

[0;31mTypeError[0m: '_AxesStack' object is not callable
TypeError: '_AxesStack' object is not callable

