Traceback (most recent call last):
  File "/home/runner/work/qmlcourse/qmlcourse/.venv/lib/python3.8/site-packages/jupyter_cache/executors/utils.py", line 51, in single_nb_execution
    executenb(
  File "/home/runner/work/qmlcourse/qmlcourse/.venv/lib/python3.8/site-packages/nbclient/client.py", line 1204, in execute
    return NotebookClient(nb=nb, resources=resources, km=km, **kwargs).execute()
  File "/home/runner/work/qmlcourse/qmlcourse/.venv/lib/python3.8/site-packages/nbclient/util.py", line 84, in wrapped
    return just_run(coro(*args, **kwargs))
  File "/home/runner/work/qmlcourse/qmlcourse/.venv/lib/python3.8/site-packages/nbclient/util.py", line 62, in just_run
    return loop.run_until_complete(coro)
  File "/usr/lib/python3.8/asyncio/base_events.py", line 616, in run_until_complete
    return future.result()
  File "/home/runner/work/qmlcourse/qmlcourse/.venv/lib/python3.8/site-packages/nbclient/client.py", line 663, in async_execute
    await self.async_execute_cell(
  File "/home/runner/work/qmlcourse/qmlcourse/.venv/lib/python3.8/site-packages/nbclient/client.py", line 965, in async_execute_cell
    await self._check_raise_for_error(cell, cell_index, exec_reply)
  File "/home/runner/work/qmlcourse/qmlcourse/.venv/lib/python3.8/site-packages/nbclient/client.py", line 862, in _check_raise_for_error
    raise CellExecutionError.from_cell_and_msg(cell, exec_reply_content)
nbclient.exceptions.CellExecutionError: An error occurred while executing the following cell:
------------------
gram_mat = np.zeros((x_samples.shape[0], x_samples.shape[0]))

for i in range(x_samples.shape[0]):
    for j in range(x_samples.shape[0]):
        if i == j:
            gram_mat[i, j] = 1
        if i > j:
            r = q_dot_prod(i, j)
            gram_mat[i, j] = r
            gram_mat[j, i] = r
------------------

[0;31m---------------------------------------------------------------------------[0m
[0;31mTypeError[0m                                 Traceback (most recent call last)
Input [0;32mIn [11][0m, in [0;36m<cell line: 3>[0;34m()[0m
[1;32m      6[0m     gram_mat[i, j] [38;5;241m=[39m [38;5;241m1[39m
[1;32m      7[0m [38;5;28;01mif[39;00m i [38;5;241m>[39m j:
[0;32m----> 8[0m     r [38;5;241m=[39m [43mq_dot_prod[49m[43m([49m[43mi[49m[43m,[49m[43m [49m[43mj[49m[43m)[49m
[1;32m      9[0m     gram_mat[i, j] [38;5;241m=[39m r
[1;32m     10[0m     gram_mat[j, i] [38;5;241m=[39m r

[0;31mTypeError[0m: q_dot_prod() missing 1 required positional argument: 'j'
TypeError: q_dot_prod() missing 1 required positional argument: 'j'

